This is pdfTeX, Version 3.1415926-2.4-1.40.13 (TeX Live 2012) (format=pdflatex 2012.6.30)  9 SEP 2013 14:38
entering extended mode
 restricted \write18 enabled.
 %&-line parsing enabled.
**adm-kdm.tex -recorder
(./adm-kdm.tex
LaTeX2e <2011/06/27>
Babel <v3.8m> and hyphenation patterns for english, dumylang, nohyphenation, ge
rman-x-2012-05-30, ngerman-x-2012-05-30, afrikaans, ancientgreek, ibycus, arabi
c, armenian, basque, bulgarian, catalan, pinyin, coptic, croatian, czech, danis
h, dutch, ukenglish, usenglishmax, esperanto, estonian, ethiopic, farsi, finnis
h, french, friulan, galician, german, ngerman, swissgerman, monogreek, greek, h
ungarian, icelandic, assamese, bengali, gujarati, hindi, kannada, malayalam, ma
rathi, oriya, panjabi, tamil, telugu, indonesian, interlingua, irish, italian, 
kurmanji, latin, latvian, lithuanian, mongolian, mongolianlmc, bokmal, nynorsk,
 polish, portuguese, romanian, romansh, russian, sanskrit, serbian, serbianc, s
lovak, slovenian, spanish, swedish, turkish, turkmen, ukrainian, uppersorbian, 
welsh, loaded.
(./sig-alternate.cls
(/usr/local/texlive/2012/texmf-dist/tex/latex/graphics/epsfig.sty
Package: epsfig 1999/02/16 v1.7a (e)psfig emulation (SPQR)

(/usr/local/texlive/2012/texmf-dist/tex/latex/graphics/graphicx.sty
Package: graphicx 1999/02/16 v1.0f Enhanced LaTeX Graphics (DPC,SPQR)

(/usr/local/texlive/2012/texmf-dist/tex/latex/graphics/keyval.sty
Package: keyval 1999/03/16 v1.13 key=value parser (DPC)
\KV@toks@=\toks14
)
(/usr/local/texlive/2012/texmf-dist/tex/latex/graphics/graphics.sty
Package: graphics 2009/02/05 v1.0o Standard LaTeX Graphics (DPC,SPQR)

(/usr/local/texlive/2012/texmf-dist/tex/latex/graphics/trig.sty
Package: trig 1999/03/16 v1.09 sin cos tan (DPC)
)
(/usr/local/texlive/2012/texmf-dist/tex/latex/latexconfig/graphics.cfg
File: graphics.cfg 2010/04/23 v1.9 graphics configuration of TeX Live
)
Package graphics Info: Driver file: pdftex.def on input line 91.

(/usr/local/texlive/2012/texmf-dist/tex/latex/pdftex-def/pdftex.def
File: pdftex.def 2011/05/27 v0.06d Graphics/color for pdfTeX

(/usr/local/texlive/2012/texmf-dist/tex/generic/oberdiek/infwarerr.sty
Package: infwarerr 2010/04/08 v1.3 Providing info/warning/error messages (HO)
)
(/usr/local/texlive/2012/texmf-dist/tex/generic/oberdiek/ltxcmds.sty
Package: ltxcmds 2011/11/09 v1.22 LaTeX kernel commands for general use (HO)
)
\Gread@gobject=\count79
))
\Gin@req@height=\dimen102
\Gin@req@width=\dimen103
)
\epsfxsize=\dimen104
\epsfysize=\dimen105
)
(/usr/local/texlive/2012/texmf-dist/tex/latex/amsfonts/amssymb.sty
Package: amssymb 2009/06/22 v3.00

(/usr/local/texlive/2012/texmf-dist/tex/latex/amsfonts/amsfonts.sty
Package: amsfonts 2009/06/22 v3.00 Basic AMSFonts support
\@emptytoks=\toks15
\symAMSa=\mathgroup4
\symAMSb=\mathgroup5
LaTeX Font Info:    Overwriting math alphabet `\mathfrak' in version `bold'
(Font)                  U/euf/m/n --> U/euf/b/n on input line 96.
))
(/usr/local/texlive/2012/texmf-dist/tex/latex/amsmath/amsmath.sty
Package: amsmath 2000/07/18 v2.13 AMS math features
\@mathmargin=\skip41

For additional information on amsmath, use the `?' option.
(/usr/local/texlive/2012/texmf-dist/tex/latex/amsmath/amstext.sty
Package: amstext 2000/06/29 v2.01

(/usr/local/texlive/2012/texmf-dist/tex/latex/amsmath/amsgen.sty
File: amsgen.sty 1999/11/30 v2.0
\@emptytoks=\toks16
\ex@=\dimen106
))
(/usr/local/texlive/2012/texmf-dist/tex/latex/amsmath/amsbsy.sty
Package: amsbsy 1999/11/29 v1.2d
\pmbraise@=\dimen107
)
(/usr/local/texlive/2012/texmf-dist/tex/latex/amsmath/amsopn.sty
Package: amsopn 1999/12/14 v2.01 operator names
)
\inf@bad=\count80
LaTeX Info: Redefining \frac on input line 211.
\uproot@=\count81
\leftroot@=\count82
LaTeX Info: Redefining \overline on input line 307.
\classnum@=\count83
\DOTSCASE@=\count84
LaTeX Info: Redefining \ldots on input line 379.
LaTeX Info: Redefining \dots on input line 382.
LaTeX Info: Redefining \cdots on input line 467.
\Mathstrutbox@=\box26
\strutbox@=\box27
\big@size=\dimen108
LaTeX Font Info:    Redeclaring font encoding OML on input line 567.
LaTeX Font Info:    Redeclaring font encoding OMS on input line 568.
\macc@depth=\count85
\c@MaxMatrixCols=\count86
\dotsspace@=\muskip10
\c@parentequation=\count87
\dspbrk@lvl=\count88
\tag@help=\toks17
\row@=\count89
\column@=\count90
\maxfields@=\count91
\andhelp@=\toks18
\eqnshift@=\dimen109
\alignsep@=\dimen110
\tagshift@=\dimen111
\tagwidth@=\dimen112
\totwidth@=\dimen113
\lineht@=\dimen114
\@envbody=\toks19
\multlinegap=\skip42
\multlinetaggap=\skip43
\mathdisplay@stack=\toks20
LaTeX Info: Redefining \[ on input line 2666.
LaTeX Info: Redefining \] on input line 2667.
)
Document Class 'sig-alternate' <22nd. April '09>. Modified by G.K.M. Tobin/Gerr
y Murray
Based in part upon document Style `acmconf' <22 May 89>. Hacked 4/91 by
shivers@cs.cmu.edu, 4/93 by theobald@cs.mcgill.ca
Excerpts were taken from (Journal Style) 'esub2acm.cls'.
****** Bugs/comments/suggestions/technicalities to Gerry Murray -- murray@hq.ac
m.org ******
Questions on the style, SIGS policies, etc. to Adrienne Griscti griscti@acm.org

\footheight=\dimen115
\@maxsep=\dimen116
\@dblmaxsep=\dimen117
\aucount=\count92
\originalaucount=\count93
\auwidth=\dimen118
\auskip=\dimen119
\auskipcount=\count94
\auskip=\dimen120
\allauboxes=\dimen121
\addauthors=\toks21
\addauflag=\count95
\subtitletext=\toks22
\savesection=\count96
\sectioncntr=\count97
\c@figure=\count98
\c@table=\count99
\titleboxnotes=\toks23
\titleboxnoteflag=\count100
Document Class: sig-alternate 2009/04/22 - V2.4 - based on acmproc.cls V1.3 <No
v. 30 '99>
(/usr/local/texlive/2012/texmf-dist/tex/latex/base/latexsym.sty
Package: latexsym 1998/08/17 v2.2e Standard LaTeX package (lasy symbols)
\symlasy=\mathgroup6
LaTeX Font Info:    Overwriting symbol font `lasy' in version `bold'
(Font)                  U/lasy/m/n --> U/lasy/b/n on input line 47.
)
\@acmtitlebox=\box28
\titlenotecount=\count101
\tntoks=\toks24
\tntokstwo=\toks25
\tntoksthree=\toks26
\tntoksfour=\toks27
\tntoksfive=\toks28
\catcount=\count102
\copyrightnotice=\toks29
\conf=\toks30
\confinfo=\toks31
\c@part=\count103
\c@section=\count104
\c@subsection=\count105
\c@subsubsection=\count106
\c@paragraph=\count107

Using 'Abbrev' bibliography style
LaTeX Info: Redefining \cite on input line 1211.
\bibindent=\dimen122
\colcntr=\count108
\saveb@x=\box29
\copyrtyr=\toks32
\acmcopyr=\toks33
\boilerplate=\toks34
\copyrightetc=\toks35
(/usr/local/texlive/2012/texmf-dist/tex/latex/base/fontenc.sty
Package: fontenc 2005/09/27 v1.99g Standard LaTeX package

(/usr/local/texlive/2012/texmf-dist/tex/latex/base/t1enc.def
File: t1enc.def 2005/09/27 v1.99g Standard LaTeX file
LaTeX Font Info:    Redeclaring font encoding T1 on input line 43.
)
LaTeX Font Info:    Try loading font information for T1+aer on input line 100.

(/usr/local/texlive/2012/texmf-dist/tex/latex/ae/t1aer.fd
File: t1aer.fd 1997/11/16 Font definitions for T1/aer.
)))
(/usr/local/texlive/2012/texmf-dist/tex/latex/oberdiek/bookmark.sty
Package: bookmark 2011/12/02 v1.24 PDF bookmarks (HO)

(/usr/local/texlive/2012/texmf-dist/tex/generic/oberdiek/pdfescape.sty
Package: pdfescape 2011/11/25 v1.13 Implements pdfTeX's escape features (HO)

(/usr/local/texlive/2012/texmf-dist/tex/generic/oberdiek/pdftexcmds.sty
Package: pdftexcmds 2011/11/29 v0.20 Utility functions of pdfTeX for LuaTeX (HO
)

(/usr/local/texlive/2012/texmf-dist/tex/generic/oberdiek/ifluatex.sty
Package: ifluatex 2010/03/01 v1.3 Provides the ifluatex switch (HO)
Package ifluatex Info: LuaTeX not detected.
)
(/usr/local/texlive/2012/texmf-dist/tex/generic/oberdiek/ifpdf.sty
Package: ifpdf 2011/01/30 v2.3 Provides the ifpdf switch (HO)
Package ifpdf Info: pdfTeX in PDF mode is detected.
)
Package pdftexcmds Info: LuaTeX not detected.
Package pdftexcmds Info: \pdf@primitive is available.
Package pdftexcmds Info: \pdf@ifprimitive is available.
Package pdftexcmds Info: \pdfdraftmode found.
))
(/usr/local/texlive/2012/texmf-dist/tex/generic/ifxetex/ifxetex.sty
Package: ifxetex 2010/09/12 v0.6 Provides ifxetex conditional
)
(/usr/local/texlive/2012/texmf-dist/tex/generic/oberdiek/ifvtex.sty
Package: ifvtex 2010/03/01 v1.5 Detect VTeX and its facilities (HO)
Package ifvtex Info: VTeX not detected.
)
(/usr/local/texlive/2012/texmf-dist/tex/latex/hyperref/hyperref.sty
Package: hyperref 2012/05/13 v6.82q Hypertext links for LaTeX

(/usr/local/texlive/2012/texmf-dist/tex/generic/oberdiek/hobsub-hyperref.sty
Package: hobsub-hyperref 2012/05/28 v1.13 Bundle oberdiek, subset hyperref (HO)


(/usr/local/texlive/2012/texmf-dist/tex/generic/oberdiek/hobsub-generic.sty
Package: hobsub-generic 2012/05/28 v1.13 Bundle oberdiek, subset generic (HO)
Package: hobsub 2012/05/28 v1.13 Construct package bundles (HO)
Package hobsub Info: Skipping package `infwarerr' (already loaded).
Package hobsub Info: Skipping package `ltxcmds' (already loaded).
Package hobsub Info: Skipping package `ifluatex' (already loaded).
Package hobsub Info: Skipping package `ifvtex' (already loaded).
Package: intcalc 2007/09/27 v1.1 Expandable calculations with integers (HO)
Package hobsub Info: Skipping package `ifpdf' (already loaded).
Package: etexcmds 2011/02/16 v1.5 Avoid name clashes with e-TeX commands (HO)
Package etexcmds Info: Could not find \expanded.
(etexcmds)             That can mean that you are not using pdfTeX 1.50 or
(etexcmds)             that some package has redefined \expanded.
(etexcmds)             In the latter case, load this package earlier.
Package: kvsetkeys 2012/04/25 v1.16 Key value parser (HO)
Package: kvdefinekeys 2011/04/07 v1.3 Define keys (HO)
Package hobsub Info: Skipping package `pdftexcmds' (already loaded).
Package hobsub Info: Skipping package `pdfescape' (already loaded).
Package: bigintcalc 2012/04/08 v1.3 Expandable calculations on big integers (HO
)
Package: bitset 2011/01/30 v1.1 Handle bit-vector datatype (HO)
Package: uniquecounter 2011/01/30 v1.2 Provide unlimited unique counter (HO)
)
Package hobsub Info: Skipping package `hobsub' (already loaded).
Package: letltxmacro 2010/09/02 v1.4 Let assignment for LaTeX macros (HO)
Package: hopatch 2012/05/28 v1.2 Wrapper for package hooks (HO)
Package: xcolor-patch 2011/01/30 xcolor patch
Package: atveryend 2011/06/30 v1.8 Hooks at the very end of document (HO)
Package atveryend Info: \enddocument detected (standard20110627).
Package: atbegshi 2011/10/05 v1.16 At begin shipout hook (HO)
Package: refcount 2011/10/16 v3.4 Data extraction from label references (HO)
Package: hycolor 2011/01/30 v1.7 Color options for hyperref/bookmark (HO)
)
(/usr/local/texlive/2012/texmf-dist/tex/latex/oberdiek/kvoptions.sty
Package: kvoptions 2011/06/30 v3.11 Key value format for package options (HO)
)
\@linkdim=\dimen123
\Hy@linkcounter=\count109
\Hy@pagecounter=\count110

(/usr/local/texlive/2012/texmf-dist/tex/latex/hyperref/pd1enc.def
File: pd1enc.def 2012/05/13 v6.82q Hyperref: PDFDocEncoding definition (HO)
)
\Hy@SavedSpaceFactor=\count111

(/usr/local/texlive/2012/texmf-dist/tex/latex/latexconfig/hyperref.cfg
File: hyperref.cfg 2002/06/06 v1.2 hyperref configuration of TeXLive
)
Package hyperref Info: Hyper figures OFF on input line 4062.
Package hyperref Info: Link nesting OFF on input line 4067.
Package hyperref Info: Hyper index ON on input line 4070.
Package hyperref Info: Plain pages OFF on input line 4077.
Package hyperref Info: Backreferencing OFF on input line 4082.
Package hyperref Info: Implicit mode ON; LaTeX internals redefined.
Package hyperref Info: Bookmarks ON on input line 4300.
\c@Hy@tempcnt=\count112

(/usr/local/texlive/2012/texmf-dist/tex/latex/url/url.sty
\Urlmuskip=\muskip11
Package: url 2006/04/12  ver 3.3  Verb mode for urls, etc.
)
LaTeX Info: Redefining \url on input line 4653.
\Fld@menulength=\count113
\Field@Width=\dimen124
\Fld@charsize=\dimen125
Package hyperref Info: Hyper figures OFF on input line 5773.
Package hyperref Info: Link nesting OFF on input line 5778.
Package hyperref Info: Hyper index ON on input line 5781.
Package hyperref Info: backreferencing OFF on input line 5788.
Package hyperref Info: Link coloring OFF on input line 5793.
Package hyperref Info: Link coloring with OCG OFF on input line 5798.
Package hyperref Info: PDF/A mode OFF on input line 5803.
LaTeX Info: Redefining \ref on input line 5843.
LaTeX Info: Redefining \pageref on input line 5847.


Package hyperref Warning: Option `pdfpagelabels' is turned off
(hyperref)                because \thepage is undefined.

\c@Item=\count114
\c@Hfootnote=\count115
)

Package hyperref Message: Driver (autodetected): hpdftex.

(/usr/local/texlive/2012/texmf-dist/tex/latex/hyperref/hpdftex.def
File: hpdftex.def 2012/05/13 v6.82q Hyperref driver for pdfTeX
\Fld@listcount=\count116
\c@bookmark@seq@number=\count117

(/usr/local/texlive/2012/texmf-dist/tex/latex/oberdiek/rerunfilecheck.sty
Package: rerunfilecheck 2011/04/15 v1.7 Rerun checks for auxiliary files (HO)
Package uniquecounter Info: New unique counter `rerunfilecheck' on input line 2
82.
)
\Hy@SectionHShift=\skip44
)
(/usr/local/texlive/2012/texmf-dist/tex/latex/oberdiek/auxhook.sty
Package: auxhook 2011/03/04 v1.3 Hooks for auxiliary files (HO)
)
(/usr/local/texlive/2012/texmf-dist/tex/latex/oberdiek/bkm-pdftex.def
File: bkm-pdftex.def 2011/12/02 v1.24 bookmark driver for pdfTeX (HO)
\BKM@id=\count118
))
(/usr/local/texlive/2012/texmf-dist/tex/generic/genmisc/nth.sty
Package: nth 2002/02/27
)
(/usr/local/texlive/2012/texmf-dist/tex/latex/cite/cite.sty
LaTeX Info: Redefining \cite on input line 302.
LaTeX Info: Redefining \nocite on input line 373.
Package: cite 2010/09/10  v 5.3
)
(/usr/local/texlive/2012/texmf-dist/tex/latex/tools/enumerate.sty
Package: enumerate 1999/03/05 v3.00 enumerate extensions (DPC)
\@enLab=\toks36
)
(/usr/local/texlive/2012/texmf-dist/tex/latex/subfig/subfig.sty
Package: subfig 2005/06/28 ver: 1.3 subfig package

(/usr/local/texlive/2012/texmf-dist/tex/latex/caption/caption.sty
Package: caption 2012/02/19 v3.2f Customizing captions (AR)

(/usr/local/texlive/2012/texmf-dist/tex/latex/caption/caption3.sty
Package: caption3 2012/01/12 v1.4b caption3 kernel (AR)
\captionmargin=\dimen126
\captionmargin@=\dimen127
\captionwidth=\dimen128
\caption@indent=\dimen129
\caption@parindent=\dimen130
\caption@hangindent=\dimen131
\abovecaptionskip=\skip45
\belowcaptionskip=\skip46
Package caption Info: Unknown document class (or package),
(caption)             standard defaults will be used.
)

Package caption Warning: Unsupported document class (or package) detected,
(caption)                usage of the caption package is not recommended.
See the caption package documentation for explanation.

Package caption Info: \@makecaption = \long macro:#1#2-> \vskip 10pt \setbox \@
tempboxa \hbox {\textbf {#1: #2}} \ifdim \wd \@tempboxa >\hsize \textbf {#1: #2
}\par \else \hbox to\hsize {\hfil \box \@tempboxa \hfil } \fi .
\c@ContinuedFloat=\count119
Package caption Info: hyperref package is loaded.
)
\c@KVtest=\count120
\sf@farskip=\skip47
\sf@captopadj=\dimen132
\sf@capskip=\skip48
\sf@nearskip=\skip49
\c@subfigure=\count121
\c@subfigure@save=\count122
\c@lofdepth=\count123
\c@subtable=\count124
\c@subtable@save=\count125
\c@lotdepth=\count126
\sf@top=\skip50
\sf@bottom=\skip51
) (/usr/local/texlive/2012/texmf-dist/tex/latex/mwe/mwe.sty
Package: mwe 2012/05/15 v0.3 Package to support minimal working examples (MWE)

(/usr/local/texlive/2012/texmf-dist/tex/latex/lipsum/lipsum.sty
Package: lipsum 2011/04/14 v1.2 150 paragraphs of Lorem Ipsum dummy text
\c@lips@count=\count127
)
(/usr/local/texlive/2012/texmf-dist/tex/latex/blindtext/blindtext.sty
Package: blindtext 2012/01/06 V2.0 blindtext-Package

(/usr/local/texlive/2012/texmf-dist/tex/latex/tools/xspace.sty
Package: xspace 2009/10/20 v1.13 Space after command names (DPC,MH)
)
\c@blindtext=\count128
\c@Blindtext=\count129
\c@blind@countparstart=\count130
\blind@countxx=\count131
\blindtext@numBlindtext=\count132
\blind@countyy=\count133
\c@blindlist=\count134
\c@blindlistlevel=\count135
\c@blindlist@level=\count136
\blind@listitem=\count137
\c@blind@listcount=\count138
\c@blind@levelcount=\count139
\blind@mathformula=\count140
\blind@Mathformula=\count141
\c@blind@randomcount=\count142
\c@blind@randommax=\count143
\c@blind@pangramcount=\count144
\c@blind@pangrammax=\count145
))
(/usr/local/texlive/2012/texmf-dist/tex/latex/rotating/rotating.sty
Package: rotating 2009/03/28 v2.16a rotated objects in LaTeX

(/usr/local/texlive/2012/texmf-dist/tex/latex/base/ifthen.sty
Package: ifthen 2001/05/26 v1.1c Standard LaTeX ifthen package (DPC)
)
\c@r@tfl@t=\count146
\rotFPtop=\skip52
\rotFPbot=\skip53
\rot@float@box=\box30
\rot@mess@toks=\toks37
)
(/usr/local/texlive/2012/texmf-dist/tex/latex/colortbl/colortbl.sty
Package: colortbl 2012/02/13 v1.0a Color table columns (DPC)

(/usr/local/texlive/2012/texmf-dist/tex/latex/tools/array.sty
Package: array 2008/09/09 v2.4c Tabular extension package (FMi)
\col@sep=\dimen133
\extrarowheight=\dimen134
\NC@list=\toks38
\extratabsurround=\skip54
\backup@length=\skip55
)
(/usr/local/texlive/2012/texmf-dist/tex/latex/graphics/color.sty
Package: color 2005/11/14 v1.0j Standard LaTeX Color (DPC)

(/usr/local/texlive/2012/texmf-dist/tex/latex/latexconfig/color.cfg
File: color.cfg 2007/01/18 v1.5 color configuration of teTeX/TeXLive
)
Package color Info: Driver file: pdftex.def on input line 130.
)
\everycr=\toks39
\minrowclearance=\skip56
)
(/usr/local/texlive/2012/texmf-dist/tex/latex/base/fixltx2e.sty
Package: fixltx2e 2006/09/13 v1.1m fixes to LaTeX
LaTeX Info: Redefining \em on input line 420.
LaTeX Info: The control sequence `\[' is already robust on input line 471.
LaTeX Info: The control sequence `\]' is already robust on input line 472.
)
(/usr/local/texlive/2012/texmf-dist/tex/latex/base/inputenc.sty
Package: inputenc 2008/03/30 v1.1d Input encoding file
\inpenc@prehook=\toks40
\inpenc@posthook=\toks41

(/usr/local/texlive/2012/texmf-dist/tex/latex/base/latin9.def
File: latin9.def 2008/03/30 v1.1d Input encoding file
))
(/usr/local/texlive/2012/texmf-dist/tex/latex/listings/listings.sty
\lst@mode=\count147
\lst@gtempboxa=\box31
\lst@token=\toks42
\lst@length=\count148
\lst@currlwidth=\dimen135
\lst@column=\count149
\lst@pos=\count150
\lst@lostspace=\dimen136
\lst@width=\dimen137
\lst@newlines=\count151
\lst@lineno=\count152
\lst@maxwidth=\dimen138

(/usr/local/texlive/2012/texmf-dist/tex/latex/listings/lstmisc.sty
File: lstmisc.sty 2007/02/22 1.4 (Carsten Heinz)
\c@lstnumber=\count153
\lst@skipnumbers=\count154
\lst@framebox=\box32
)
(/usr/local/texlive/2012/texmf-dist/tex/latex/listings/listings.cfg
File: listings.cfg 2007/02/22 1.4 listings configuration
))
Package: listings 2007/02/22 1.4 (Carsten Heinz)

(/usr/local/texlive/2012/texmf-dist/tex/latex/tools/tabularx.sty
Package: tabularx 1999/01/07 v2.07 `tabularx' package (DPC)
\TX@col@width=\dimen139
\TX@old@table=\dimen140
\TX@old@col=\dimen141
\TX@target=\dimen142
\TX@delta=\dimen143
\TX@cols=\count155
\TX@ftn=\toks43
)
(/usr/local/texlive/2012/texmf-dist/tex/latex/multirow/multirow.sty
\bigstrutjot=\dimen144
)
(/usr/local/texlive/2012/texmf-dist/tex/latex/xcolor/xcolor.sty
Package: xcolor 2007/01/21 v2.11 LaTeX color extensions (UK)

(/usr/local/texlive/2012/texmf-dist/tex/latex/latexconfig/color.cfg
File: color.cfg 2007/01/18 v1.5 color configuration of teTeX/TeXLive
)
Package xcolor Info: Driver file: pdftex.def on input line 225.
LaTeX Info: Redefining \color on input line 702.
\rownum=\count156
Package xcolor Info: Model `cmy' substituted by `cmy0' on input line 1337.
Package xcolor Info: Model `hsb' substituted by `rgb' on input line 1341.
Package xcolor Info: Model `RGB' extended on input line 1353.
Package xcolor Info: Model `HTML' substituted by `rgb' on input line 1355.
Package xcolor Info: Model `Hsb' substituted by `hsb' on input line 1356.
Package xcolor Info: Model `tHsb' substituted by `hsb' on input line 1357.
Package xcolor Info: Model `HSB' substituted by `hsb' on input line 1358.
Package xcolor Info: Model `Gray' substituted by `gray' on input line 1359.
Package xcolor Info: Model `wave' substituted by `hsb' on input line 1360.
)
(/usr/local/texlive/2012/texmf-dist/tex/latex/fmtcount/fmtcount.sty
Package: fmtcount 2009/10/02 v1.31
\c@padzeroesN=\count157

(/usr/local/texlive/2012/texmf-dist/tex/latex/fmtcount/fc-english.def
File: fc-english 2007/05/26
)
(/usr/local/texlive/2012/texmf-dist/tex/latex/fmtcount/fc-UKenglish.def
File: fc-UKenglish 2007/06/14
)
(/usr/local/texlive/2012/texmf-dist/tex/latex/fmtcount/fc-british.def
File: fc-british 2007/06/14
)
(/usr/local/texlive/2012/texmf-dist/tex/latex/fmtcount/fc-USenglish.def
File: fc-USenglish 2007/06/14
)
(/usr/local/texlive/2012/texmf-dist/tex/latex/fmtcount/fc-spanish.def
File: fc-spanish.def 2007/05/26
)
(/usr/local/texlive/2012/texmf-dist/tex/latex/fmtcount/fc-portuges.def
File: fc-portuges.def 2007/05/26
)
(/usr/local/texlive/2012/texmf-dist/tex/latex/fmtcount/fc-french.def
File: fc-french.def 2007/05/26
)
(/usr/local/texlive/2012/texmf-dist/tex/latex/fmtcount/fc-german.def
File: fc-german.def 2007/06/14
)
(/usr/local/texlive/2012/texmf-dist/tex/latex/fmtcount/fc-italian.def
File: fc-italian.def 2009/10/02 Italian support for fmtcount (Edoardo Pasca)
)
No configuration file fmtcount.cfg found.
\@DT@modctr=\count158
\@ordinalctr=\count159
\@orgargctr=\count160
\@strctr=\count161
\@tmpstrctr=\count162
\@DT@loopN=\count163
\@DT@X=\count164

Package fmtcount Warning: \ordinal already defined use \FCordinal instead. on i
nput line 344.

) (/usr/local/texlive/2012/texmf-dist/tex/latex/booktabs/booktabs.sty
Package: booktabs 2005/04/14 v1.61803 publication quality tables
\heavyrulewidth=\dimen145
\lightrulewidth=\dimen146
\cmidrulewidth=\dimen147
\belowrulesep=\dimen148
\belowbottomsep=\dimen149
\aboverulesep=\dimen150
\abovetopsep=\dimen151
\cmidrulesep=\dimen152
\cmidrulekern=\dimen153
\defaultaddspace=\dimen154
\@cmidla=\count165
\@cmidlb=\count166
\@aboverulesep=\dimen155
\@belowrulesep=\dimen156
\@thisruleclass=\count167
\@lastruleclass=\count168
\@thisrulewidth=\dimen157
)
(/usr/local/texlive/2012/texmf-dist/tex/latex/threeparttable/threeparttable.sty
Package: threeparttable 2003/06/13  v 3.0
\@tempboxb=\box33
) (./tex/defines.tex) (./adm-kdm.aux

LaTeX Warning: Label `foo' multiply defined.

)
\openout1 = `adm-kdm.aux'.

LaTeX Font Info:    Checking defaults for OML/cmm/m/it on input line 79.
LaTeX Font Info:    ... okay on input line 79.
LaTeX Font Info:    Checking defaults for T1/cmr/m/n on input line 79.
LaTeX Font Info:    ... okay on input line 79.
LaTeX Font Info:    Checking defaults for OT1/cmr/m/n on input line 79.
LaTeX Font Info:    ... okay on input line 79.
LaTeX Font Info:    Checking defaults for OMS/cmsy/m/n on input line 79.
LaTeX Font Info:    ... okay on input line 79.
LaTeX Font Info:    Checking defaults for OMX/cmex/m/n on input line 79.
LaTeX Font Info:    ... okay on input line 79.
LaTeX Font Info:    Checking defaults for U/cmr/m/n on input line 79.
LaTeX Font Info:    ... okay on input line 79.
LaTeX Font Info:    Checking defaults for PD1/pdf/m/n on input line 79.
LaTeX Font Info:    ... okay on input line 79.
 (/usr/local/texlive/2012/texmf-dist/tex/context/base/supp-pdf.mkii
[Loading MPS to PDF converter (version 2006.09.02).]
\scratchcounter=\count169
\scratchdimen=\dimen158
\scratchbox=\box34
\nofMPsegments=\count170
\nofMParguments=\count171
\everyMPshowfont=\toks44
\MPscratchCnt=\count172
\MPscratchDim=\dimen159
\MPnumerator=\count173
\makeMPintoPDFobject=\count174
\everyMPtoPDFconversion=\toks45
) (/usr/local/texlive/2012/texmf-dist/tex/latex/oberdiek/epstopdf-base.sty
Package: epstopdf-base 2010/02/09 v2.5 Base part for package epstopdf

(/usr/local/texlive/2012/texmf-dist/tex/latex/oberdiek/grfext.sty
Package: grfext 2010/08/19 v1.1 Manage graphics extensions (HO)
)
Package grfext Info: Graphics extension search list:
(grfext)             [.pdf,.png,.jpg,.mps,.jpeg,.jbig2,.jb2,.PNG,.PDF,.JPG,.JPE
G,.JBIG2,.JB2,.eps]
(grfext)             \AppendGraphicsExtensions on input line 452.

(/usr/local/texlive/2012/texmf-dist/tex/latex/latexconfig/epstopdf-sys.cfg
File: epstopdf-sys.cfg 2010/07/13 v1.3 Configuration of (r)epstopdf for TeX Liv
e
))
\AtBeginShipoutBox=\box35


Package hyperref Warning: Height of page (\paperheight) is invalid (0.0pt),
(hyperref)                using 11in.

Package hyperref Info: Link coloring OFF on input line 79.
(/usr/local/texlive/2012/texmf-dist/tex/latex/hyperref/nameref.sty
Package: nameref 2010/04/30 v2.40 Cross-referencing by name of section

(/usr/local/texlive/2012/texmf-dist/tex/generic/oberdiek/gettitlestring.sty
Package: gettitlestring 2010/12/03 v1.4 Cleanup title references (HO)
)
\c@section@level=\count175
)
LaTeX Info: Redefining \ref on input line 79.
LaTeX Info: Redefining \pageref on input line 79.
LaTeX Info: Redefining \nameref on input line 79.
Package caption Info: Begin \AtBeginDocument code.
Package caption Info: subfig package v1.3 is loaded.
Package caption Info: listings package is loaded.
Package caption Info: rotating package is loaded.
Package caption Info: threeparttable package is loaded.
Package caption Info: End \AtBeginDocument code.
\c@lstlisting=\count176
LaTeX Font Info:    Try loading font information for U+msa on input line 170.

(/usr/local/texlive/2012/texmf-dist/tex/latex/amsfonts/umsa.fd
File: umsa.fd 2009/06/22 v3.00 AMS symbols A
)
LaTeX Font Info:    Try loading font information for U+msb on input line 170.

(/usr/local/texlive/2012/texmf-dist/tex/latex/amsfonts/umsb.fd
File: umsb.fd 2009/06/22 v3.00 AMS symbols B
)
LaTeX Font Info:    Try loading font information for U+lasy on input line 170.

(/usr/local/texlive/2012/texmf-dist/tex/latex/base/ulasy.fd
File: ulasy.fd 1998/08/17 v2.2e LaTeX symbol font definitions
)

LaTeX Warning: No \author given.

(./tex/abstract.tex) (./tex/introduction.tex
Overfull \hbox (2.64337pt too wide) in paragraph at lines 7--8
\T1/aer/m/n/9 Evidence-Based Soft-ware En-gi-neer-ing (EBSE) paradigm [[]15[]].

 []


Underfull \vbox (badness 10000) has occurred while \output is active []

 [1{/usr/local/texlive/2012/texmf-var/fonts/map/pdftex/updmap/pdftex.map}


])
(./tex/method_applied.tex) (./tex/planning.tex
Overfull \hbox (9.00697pt too wide) in paragraph at lines 46--47
\T1/aer/m/n/9 We used the search string on the fol-low-ing elec-tronic database
s:
 []

<figuras/SearchStringADM.pdf, id=44, 706.64pt x 137.51375pt>
File: figuras/SearchStringADM.pdf Graphic file (type pdf)

<use figuras/SearchStringADM.pdf>
Package pdftex.def Info: figuras/SearchStringADM.pdf used on input line 53.
(pdftex.def)             Requested size: 247.3277pt x 48.13052pt.

Overfull \hbox (7.3277pt too wide) in paragraph at lines 53--54
 [][] 
 []

) (./tex/conducting.texpdfTeX warning (ext4): destination with the same identif
ier (name{page.}) has been already used, duplicate ignored
<to be read again> 
                   \relax 
l.44 
      [2 <./figuras/SearchStringADM.pdf>]) (./tex/reporting.tex
<figuras/MapaNOVO4.pdf, id=90, 795.97375pt x 624.3325pt>
File: figuras/MapaNOVO4.pdf Graphic file (type pdf)

<use figuras/MapaNOVO4.pdf>
Package pdftex.def Info: figuras/MapaNOVO4.pdf used on input line 7.
(pdftex.def)             Requested size: 480.84296pt x 196.32281pt.
pdfTeX warning (ext4): destination with the same identifier (name{page.}) has b
een already used, duplicate ignored
<to be read again> 
                   \relax 
l.14 
      [3]
Underfull \vbox (badness 10000) has occurred while \output is active []


<figuras/pieChartModel.pdf, id=114, 273.02pt x 216.81pt>
<use figuras/pieChartModel.pdf>
<figuras/PackagesKDMFormatted.pdf, id=115, 376.40625pt x 246.9225pt>
<use figuras/PackagesKDMFormatted.pdf> <use figuras/pieChartModel.pdf>
<use figuras/PackagesKDMFormatted.pdf>
File: figuras/pieChartModel.pdf Graphic file (type pdf)
 <use figuras/pieChartModel.pdf>
Package pdftex.def Info: figuras/pieChartModel.pdf used on input line 66.
(pdftex.def)             Requested size: 110.96556pt x 88.11853pt.
File: figuras/PackagesKDMFormatted.pdf Graphic file (type pdf)

<use figuras/PackagesKDMFormatted.pdf>
Package pdftex.def Info: figuras/PackagesKDMFormatted.pdf used on input line 66
.
(pdftex.def)             Requested size: 128.0374pt x 83.99397pt.

Overfull \hbox (26.00293pt too wide) in alignment at lines 66--66
[][][]
 []

<figuras/TESTEVAI.pdf, id=117, 451.6875pt x 563.10374pt>
<use figuras/TESTEVAI.pdf>
<figuras/DistribuicaoANoArtigos.pdf, id=118, 439.6425pt x 512.91624pt>
<use figuras/DistribuicaoANoArtigos.pdf> <use figuras/TESTEVAI.pdf>
<use figuras/DistribuicaoANoArtigos.pdf>
File: figuras/TESTEVAI.pdf Graphic file (type pdf)
 <use figuras/TESTEVAI.pdf>
Package pdftex.def Info: figuras/TESTEVAI.pdf used on input line 83.
(pdftex.def)             Requested size: 110.96556pt x 138.33539pt.
File: figuras/DistribuicaoANoArtigos.pdf Graphic file (type pdf)

<use figuras/DistribuicaoANoArtigos.pdf>
Package pdftex.def Info: figuras/DistribuicaoANoArtigos.pdf used on input line 
83.
(pdftex.def)             Requested size: 119.50148pt x 139.41275pt.

Overfull \hbox (17.46701pt too wide) in alignment at lines 83--83
[][][]
 []

pdfTeX warning (ext4): destination with the same identifier (name{page.}) has b
een already used, duplicate ignored
<to be read again> 
                   \relax 
l.96 
      [4 <./figuras/MapaNOVO4.pdf> <./figuras/pieChartModel.pdf> <./figuras/Pac
kagesKDMFormatted.pdf>]
Overfull \vbox (14.6315pt too high) detected at line 118
 []


Overfull \vbox (9.1377pt too high) detected at line 133
 []


Overfull \hbox (5.70529pt too wide) in paragraph at lines 111--142
 [][] 
 []


Overfull \hbox (3.86835pt too wide) in paragraph at lines 148--149
\T1/aer/m/n/9 the prob-lem of ex-tract-ing mod-els from source code. Gra2MoL
 []


Overfull \hbox (16.09015pt too wide) in paragraph at lines 152--153
\T1/aer/m/n/9 cover busi-ness pro-cesses from legacy sys-tems based on KDM [[]2
8[]].
 []


Overfull \hbox (4.84973pt too wide) in paragraph at lines 156--157
[]\T1/aer/bx/n/9 PRECISO\T1/aer/m/n/9 . It is a tool for database mod-erni-sa-t
ion through
 []


Overfull \hbox (10.98634pt too wide) in paragraph at lines 168--169
\T1/aer/m/n/9 means of ADM. Jorge Maratalla et al., pro-pose \T1/aer/bx/n/9 GAF
EMO \T1/aer/m/n/9 [[]18[]]
 []


Underfull \vbox (badness 1558) has occurred while \output is active []

pdfTeX warning (ext4): destination with the same identifier (name{page.}) has b
een already used, duplicate ignored
<to be read again> 
                   \relax 
l.169 
       [5 <./figuras/TESTEVAI.pdf> <./figuras/DistribuicaoANoArtigos.pdf>]
Underfull \vbox (badness 10000) has occurred while \output is active []


Underfull \vbox (badness 1558) has occurred while \output is active []

pdfTeX warning (ext4): destination with the same identifier (name{page.}) has b
een already used, duplicate ignored
<to be read again> 
                   \relax 
l.182 
       [6]
Overfull \hbox (7.98085pt too wide) in paragraph at lines 187--188
\T1/aer/m/n/9 the COMO (Component-Oriented MOd-ern-iza-tion) meta-model
 []

) (./tex/threats_to_validity.tex) (./tex/conclusion.tex) (./adm-kdm.bbl
Underfull \vbox (badness 1558) has occurred while \output is active []

pdfTeX warning (ext4): destination with the same identifier (name{page.}) has b
een already used, duplicate ignored
<to be read again> 
                   \relax 
l.1 \begin{thebibliography}{10}
                                [7]
Underfull \vbox (badness 10000) has occurred while \output is active []

pdfTeX warning (ext4): destination with the same identifier (name{page.}) has b
een already used, duplicate ignored
<to be read again> 
                   \relax 
l.188 
       [8])
Package atveryend Info: Empty hook `BeforeClearDocument' on input line 217.
pdfTeX warning (ext4): destination with the same identifier (name{page.}) has b
een already used, duplicate ignored
<to be read again> 
                   \relax 
l.217 \end{document}
                     [9

]
Package atveryend Info: Empty hook `AfterLastShipout' on input line 217.
 (./adm-kdm.aux)
Package atveryend Info: Empty hook `AtVeryEndDocument' on input line 217.
Package atveryend Info: Empty hook `AtEndAfterFileList' on input line 217.


LaTeX Warning: There were multiply-defined labels.

Package atveryend Info: Empty hook `AtVeryVeryEnd' on input line 217.
 ) 
Here is how much of TeX's memory you used:
 11021 strings out of 493488
 164971 string characters out of 3141326
 391666 words of memory out of 3000000
 13995 multiletter control sequences out of 15000+200000
 52281 words of font info for 74 fonts, out of 3000000 for 9000
 957 hyphenation exceptions out of 8191
 44i,25n,48p,3230b,610s stack positions out of 5000i,500n,10000p,200000b,50000s
{/usr/local/texlive/2012/texmf-dist/fonts/enc/dvips/base/8r.enc}</usr/local/t
exlive/2012/texmf-dist/fonts/type1/public/amsfonts/cm/cmbx9.pfb></usr/local/tex
live/2012/texmf-dist/fonts/type1/public/amsfonts/cm/cmmi9.pfb></usr/local/texli
ve/2012/texmf-dist/fonts/type1/public/amsfonts/cm/cmr6.pfb></usr/local/texlive/
2012/texmf-dist/fonts/type1/public/amsfonts/cm/cmr7.pfb></usr/local/texlive/201
2/texmf-dist/fonts/type1/public/amsfonts/cm/cmr9.pfb></usr/local/texlive/2012/t
exmf-dist/fonts/type1/public/amsfonts/cm/cmti9.pfb></usr/local/texlive/2012/tex
mf-dist/fonts/type1/urw/helvetic/uhvb8a.pfb></usr/local/texlive/2012/texmf-dist
/fonts/type1/urw/times/utmb8a.pfb></usr/local/texlive/2012/texmf-dist/fonts/typ
e1/urw/times/utmr8a.pfb></usr/local/texlive/2012/texmf-dist/fonts/type1/urw/tim
es/utmri8a.pfb>
Output written on adm-kdm.pdf (9 pages, 462247 bytes).
PDF statistics:
 636 PDF objects out of 1000 (max. 8388607)
 467 compressed objects within 5 object streams
 64 named destinations out of 1000 (max. 500000)
 151 words of extra memory for PDF output out of 10000 (max. 10000000)

